Determining if the pthread_create exist failed with the following output:
Change Dir: /home/rafael/Documentos/Projetos/RaThEd/C++/rathed/cmake-build-debug/CMakeFiles/CMakeTmp

Run Build Command(s):/usr/bin/make cmTC_c18b6/fast 
/usr/bin/make -f CMakeFiles/cmTC_c18b6.dir/build.make CMakeFiles/cmTC_c18b6.dir/build
make[1]: Entering directory '/home/rafael/Documentos/Projetos/RaThEd/C++/rathed/cmake-build-debug/CMakeFiles/CMakeTmp'
Building C object CMakeFiles/cmTC_c18b6.dir/CheckSymbolExists.c.o
/usr/bin/cc    -o CMakeFiles/cmTC_c18b6.dir/CheckSymbolExists.c.o   -c /home/rafael/Documentos/Projetos/RaThEd/C++/rathed/cmake-build-debug/CMakeFiles/CMakeTmp/CheckSymbolExists.c
Linking C executable cmTC_c18b6
/opt/clion/bin/cmake/linux/bin/cmake -E cmake_link_script CMakeFiles/cmTC_c18b6.dir/link.txt --verbose=1
/usr/bin/cc      CMakeFiles/cmTC_c18b6.dir/CheckSymbolExists.c.o  -o cmTC_c18b6 
/usr/bin/ld: CMakeFiles/cmTC_c18b6.dir/CheckSymbolExists.c.o: na função "main":
CheckSymbolExists.c:(.text+0x1b): referência não definida para "pthread_create"
collect2: error: ld returned 1 exit status
make[1]: *** [CMakeFiles/cmTC_c18b6.dir/build.make:87: cmTC_c18b6] Error 1
make[1]: Leaving directory '/home/rafael/Documentos/Projetos/RaThEd/C++/rathed/cmake-build-debug/CMakeFiles/CMakeTmp'
make: *** [Makefile:121: cmTC_c18b6/fast] Error 2

File /home/rafael/Documentos/Projetos/RaThEd/C++/rathed/cmake-build-debug/CMakeFiles/CMakeTmp/CheckSymbolExists.c:
/* */
#include <pthread.h>

int main(int argc, char** argv)
{
  (void)argv;
#ifndef pthread_create
  return ((int*)(&pthread_create))[argc];
#else
  (void)argc;
  return 0;
#endif
}

Determining if the function pthread_create exists in the pthreads failed with the following output:
Change Dir: /home/rafael/Documentos/Projetos/RaThEd/C++/rathed/cmake-build-debug/CMakeFiles/CMakeTmp

Run Build Command(s):/usr/bin/make cmTC_2a66d/fast 
/usr/bin/make -f CMakeFiles/cmTC_2a66d.dir/build.make CMakeFiles/cmTC_2a66d.dir/build
make[1]: Entering directory '/home/rafael/Documentos/Projetos/RaThEd/C++/rathed/cmake-build-debug/CMakeFiles/CMakeTmp'
Building C object CMakeFiles/cmTC_2a66d.dir/CheckFunctionExists.c.o
/usr/bin/cc   -DCHECK_FUNCTION_EXISTS=pthread_create   -o CMakeFiles/cmTC_2a66d.dir/CheckFunctionExists.c.o   -c /opt/clion/bin/cmake/linux/share/cmake-3.14/Modules/CheckFunctionExists.c
Linking C executable cmTC_2a66d
/opt/clion/bin/cmake/linux/bin/cmake -E cmake_link_script CMakeFiles/cmTC_2a66d.dir/link.txt --verbose=1
/usr/bin/cc  -DCHECK_FUNCTION_EXISTS=pthread_create    CMakeFiles/cmTC_2a66d.dir/CheckFunctionExists.c.o  -o cmTC_2a66d -lpthreads 
/usr/bin/ld: não foi possível localizar -lpthreads
collect2: error: ld returned 1 exit status
make[1]: *** [CMakeFiles/cmTC_2a66d.dir/build.make:87: cmTC_2a66d] Error 1
make[1]: Leaving directory '/home/rafael/Documentos/Projetos/RaThEd/C++/rathed/cmake-build-debug/CMakeFiles/CMakeTmp'
make: *** [Makefile:121: cmTC_2a66d/fast] Error 2


