Determining if the pthread_create exist failed with the following output:
Change Dir: /home/rafael/Documentos/Projetos/RaThEd/C++/rathed_leecher/cmake-build-debug/CMakeFiles/CMakeTmp

Run Build Command(s):/usr/bin/make cmTC_5b7b7/fast 
/usr/bin/make -f CMakeFiles/cmTC_5b7b7.dir/build.make CMakeFiles/cmTC_5b7b7.dir/build
make[1]: Entering directory '/home/rafael/Documentos/Projetos/RaThEd/C++/rathed_leecher/cmake-build-debug/CMakeFiles/CMakeTmp'
Building C object CMakeFiles/cmTC_5b7b7.dir/CheckSymbolExists.c.o
/usr/bin/cc    -o CMakeFiles/cmTC_5b7b7.dir/CheckSymbolExists.c.o   -c /home/rafael/Documentos/Projetos/RaThEd/C++/rathed_leecher/cmake-build-debug/CMakeFiles/CMakeTmp/CheckSymbolExists.c
Linking C executable cmTC_5b7b7
/opt/clion/bin/cmake/linux/bin/cmake -E cmake_link_script CMakeFiles/cmTC_5b7b7.dir/link.txt --verbose=1
/usr/bin/cc      CMakeFiles/cmTC_5b7b7.dir/CheckSymbolExists.c.o  -o cmTC_5b7b7 
/usr/bin/ld: CMakeFiles/cmTC_5b7b7.dir/CheckSymbolExists.c.o: na função "main":
CheckSymbolExists.c:(.text+0x1b): referência não definida para "pthread_create"
collect2: error: ld returned 1 exit status
make[1]: *** [CMakeFiles/cmTC_5b7b7.dir/build.make:87: cmTC_5b7b7] Error 1
make[1]: Leaving directory '/home/rafael/Documentos/Projetos/RaThEd/C++/rathed_leecher/cmake-build-debug/CMakeFiles/CMakeTmp'
make: *** [Makefile:121: cmTC_5b7b7/fast] Error 2

File /home/rafael/Documentos/Projetos/RaThEd/C++/rathed_leecher/cmake-build-debug/CMakeFiles/CMakeTmp/CheckSymbolExists.c:
/* */
#include <pthread.h>

int main(int argc, char** argv)
{
  (void)argv;
#ifndef pthread_create
  return ((int*)(&pthread_create))[argc];
#else
  (void)argc;
  return 0;
#endif
}

Determining if the function pthread_create exists in the pthreads failed with the following output:
Change Dir: /home/rafael/Documentos/Projetos/RaThEd/C++/rathed_leecher/cmake-build-debug/CMakeFiles/CMakeTmp

Run Build Command(s):/usr/bin/make cmTC_4219f/fast 
/usr/bin/make -f CMakeFiles/cmTC_4219f.dir/build.make CMakeFiles/cmTC_4219f.dir/build
make[1]: Entering directory '/home/rafael/Documentos/Projetos/RaThEd/C++/rathed_leecher/cmake-build-debug/CMakeFiles/CMakeTmp'
Building C object CMakeFiles/cmTC_4219f.dir/CheckFunctionExists.c.o
/usr/bin/cc   -DCHECK_FUNCTION_EXISTS=pthread_create   -o CMakeFiles/cmTC_4219f.dir/CheckFunctionExists.c.o   -c /opt/clion/bin/cmake/linux/share/cmake-3.14/Modules/CheckFunctionExists.c
Linking C executable cmTC_4219f
/opt/clion/bin/cmake/linux/bin/cmake -E cmake_link_script CMakeFiles/cmTC_4219f.dir/link.txt --verbose=1
/usr/bin/cc  -DCHECK_FUNCTION_EXISTS=pthread_create    CMakeFiles/cmTC_4219f.dir/CheckFunctionExists.c.o  -o cmTC_4219f -lpthreads 
/usr/bin/ld: não foi possível localizar -lpthreads
collect2: error: ld returned 1 exit status
make[1]: *** [CMakeFiles/cmTC_4219f.dir/build.make:87: cmTC_4219f] Error 1
make[1]: Leaving directory '/home/rafael/Documentos/Projetos/RaThEd/C++/rathed_leecher/cmake-build-debug/CMakeFiles/CMakeTmp'
make: *** [Makefile:121: cmTC_4219f/fast] Error 2


